# JRE version: OpenJDK Runtime Environment Corretto-11.0.8.10.1 (11.0.8+10) (build 11.0.8+10-LTS)
# Java VM: OpenJDK 64-Bit Server VM Corretto-11.0.8.10.1 (11.0.8+10-LTS, mixed mode, tiered, compressed oops, g1 gc, windows-amd64)
Heap:
 garbage-first heap   total 330752K, used 221099K [0x0000000080000000, 0x0000000100000000)
  region size 1024K, 95 young (97280K), 1 survivors (1024K)
 Metaspace       used 128928K, capacity 132516K, committed 132596K, reserved 1165312K
  class space    used 15506K, capacity 16688K, committed 16768K, reserved 1048576K
GC Heap History (20 events):
Event: 1156.108 GC heap before
{Heap before GC invocations=124 (full 0):
 garbage-first heap   total 330752K, used 141091K [0x0000000080000000, 0x0000000100000000)
  region size 1024K, 16 young (16384K), 2 survivors (2048K)
 Metaspace       used 128685K, capacity 132290K, committed 132596K, reserved 1165312K
  class space    used 15488K, capacity 16681K, committed 16768K, reserved 1048576K
}
Event: 1156.118 GC heap after
{Heap after GC invocations=125 (full 0):
 garbage-first heap   total 330752K, used 125778K [0x0000000080000000, 0x0000000100000000)
  region size 1024K, 2 young (2048K), 2 survivors (2048K)
 Metaspace       used 128685K, capacity 132290K, committed 132596K, reserved 1165312K
  class space    used 15488K, capacity 16681K, committed 16768K, reserved 1048576K
}
Event: 1157.087 GC heap before
{Heap before GC invocations=125 (full 0):
 garbage-first heap   total 330752K, used 278354K [0x0000000080000000, 0x0000000100000000)
  region size 1024K, 152 young (155648K), 2 survivors (2048K)
 Metaspace       used 128692K, capacity 132290K, committed 132596K, reserved 1165312K
  class space    used 15488K, capacity 16681K, committed 16768K, reserved 1048576K
}
Event: 1157.095 GC heap after
{Heap after GC invocations=126 (full 0):
 garbage-first heap   total 330752K, used 126313K [0x0000000080000000, 0x0000000100000000)
  region size 1024K, 2 young (2048K), 2 survivors (2048K)
 Metaspace       used 128692K, capacity 132290K, committed 132596K, reserved 1165312K
  class space    used 15488K, capacity 16681K, committed 16768K, reserved 1048576K
}
Event: 1160.267 GC heap before
{Heap before GC invocations=127 (full 0):
 garbage-first heap   total 330752K, used 281961K [0x0000000080000000, 0x0000000100000000)
  region size 1024K, 154 young (157696K), 2 survivors (2048K)
 Metaspace       used 128710K, capacity 132292K, committed 132596K, reserved 1165312K
  class space    used 15488K, capacity 16681K, committed 16768K, reserved 1048576K
}
Event: 1160.278 GC heap after
{Heap after GC invocations=128 (full 0):
 garbage-first heap   total 330752K, used 134020K [0x0000000080000000, 0x0000000100000000)
  region size 1024K, 10 young (10240K), 10 survivors (10240K)
 Metaspace       used 128710K, capacity 132292K, committed 132596K, reserved 1165312K
  class space    used 15488K, capacity 16681K, committed 16768K, reserved 1048576K
}
Event: 1160.301 GC heap before
{Heap before GC invocations=128 (full 0):
 garbage-first heap   total 330752K, used 139140K [0x0000000080000000, 0x0000000100000000)
  region size 1024K, 16 young (16384K), 10 survivors (10240K)
 Metaspace       used 128711K, capacity 132292K, committed 132596K, reserved 1165312K
  class space    used 15488K, capacity 16681K, committed 16768K, reserved 1048576K
}
Event: 1160.316 GC heap after
{Heap after GC invocations=129 (full 0):
 garbage-first heap   total 330752K, used 124200K [0x0000000080000000, 0x0000000100000000)
  region size 1024K, 1 young (1024K), 1 survivors (1024K)
 Metaspace       used 128711K, capacity 132292K, committed 132596K, reserved 1165312K
  class space    used 15488K, capacity 16681K, committed 16768K, reserved 1048576K
}
Event: 1162.169 GC heap before
{Heap before GC invocations=129 (full 0):
 garbage-first heap   total 330752K, used 276776K [0x0000000080000000, 0x0000000100000000)
  region size 1024K, 150 young (153600K), 1 survivors (1024K)
 Metaspace       used 128736K, capacity 132356K, committed 132596K, reserved 1165312K
  class space    used 15488K, capacity 16681K, committed 16768K, reserved 1048576K
}
Event: 1162.181 GC heap after
{Heap after GC invocations=130 (full 0):
 garbage-first heap   total 330752K, used 125011K [0x0000000080000000, 0x0000000100000000)
  region size 1024K, 2 young (2048K), 2 survivors (2048K)
 Metaspace       used 128736K, capacity 132356K, committed 132596K, reserved 1165312K
  class space    used 15488K, capacity 16681K, committed 16768K, reserved 1048576K
}
Event: 1163.284 GC heap before
{Heap before GC invocations=131 (full 0):
 garbage-first heap   total 330752K, used 279635K [0x0000000080000000, 0x0000000100000000)
  region size 1024K, 153 young (156672K), 2 survivors (2048K)
 Metaspace       used 128742K, capacity 132356K, committed 132596K, reserved 1165312K
  class space    used 15488K, capacity 16681K, committed 16768K, reserved 1048576K
}
Event: 1163.291 GC heap after
{Heap after GC invocations=132 (full 0):
 garbage-first heap   total 330752K, used 126269K [0x0000000080000000, 0x0000000100000000)
  region size 1024K, 3 young (3072K), 3 survivors (3072K)
 Metaspace       used 128742K, capacity 132356K, committed 132596K, reserved 1165312K
  class space    used 15488K, capacity 16681K, committed 16768K, reserved 1048576K
}
Event: 1163.339 GC heap before
{Heap before GC invocations=132 (full 0):
 garbage-first heap   total 330752K, used 139581K [0x0000000080000000, 0x0000000100000000)
  region size 1024K, 16 young (16384K), 3 survivors (3072K)
 Metaspace       used 128742K, capacity 132356K, committed 132596K, reserved 1165312K
  class space    used 15488K, capacity 16681K, committed 16768K, reserved 1048576K
}
Event: 1163.345 GC heap after
{Heap after GC invocations=133 (full 0):
 garbage-first heap   total 330752K, used 125889K [0x0000000080000000, 0x0000000100000000)
  region size 1024K, 1 young (1024K), 1 survivors (1024K)
 Metaspace       used 128742K, capacity 132356K, committed 132596K, reserved 1165312K
  class space    used 15488K, capacity 16681K, committed 16768K, reserved 1048576K
}
Event: 1165.589 GC heap before
{Heap before GC invocations=133 (full 0):
 garbage-first heap   total 330752K, used 280513K [0x0000000080000000, 0x0000000100000000)
  region size 1024K, 152 young (155648K), 1 survivors (1024K)
 Metaspace       used 128750K, capacity 132360K, committed 132596K, reserved 1165312K
  class space    used 15488K, capacity 16682K, committed 16768K, reserved 1048576K
}
Event: 1165.596 GC heap after
{Heap after GC invocations=134 (full 0):
 garbage-first heap   total 330752K, used 126713K [0x0000000080000000, 0x0000000100000000)
  region size 1024K, 2 young (2048K), 2 survivors (2048K)
 Metaspace       used 128750K, capacity 132360K, committed 132596K, reserved 1165312K
  class space    used 15488K, capacity 16682K, committed 16768K, reserved 1048576K
}
Event: 1175.721 GC heap before
{Heap before GC invocations=135 (full 0):
 garbage-first heap   total 330752K, used 282361K [0x0000000080000000, 0x0000000100000000)
  region size 1024K, 154 young (157696K), 2 survivors (2048K)
 Metaspace       used 128841K, capacity 132427K, committed 132596K, reserved 1165312K
  class space    used 15498K, capacity 16683K, committed 16768K, reserved 1048576K
}
Event: 1175.741 GC heap after
{Heap after GC invocations=136 (full 0):
 garbage-first heap   total 330752K, used 128997K [0x0000000080000000, 0x0000000100000000)
  region size 1024K, 4 young (4096K), 4 survivors (4096K)
 Metaspace       used 128841K, capacity 132427K, committed 132596K, reserved 1165312K
  class space    used 15498K, capacity 16683K, committed 16768K, reserved 1048576K
}
Event: 1176.944 GC heap before
{Heap before GC invocations=136 (full 0):
 garbage-first heap   total 330752K, used 140261K [0x0000000080000000, 0x0000000100000000)
  region size 1024K, 16 young (16384K), 4 survivors (4096K)
 Metaspace       used 128842K, capacity 132427K, committed 132596K, reserved 1165312K
  class space    used 15498K, capacity 16683K, committed 16768K, reserved 1048576K
}
Event: 1176.953 GC heap after
{Heap after GC invocations=137 (full 0):
 garbage-first heap   total 330752K, used 125867K [0x0000000080000000, 0x0000000100000000)
  region size 1024K, 1 young (1024K), 1 survivors (1024K)
 Metaspace       used 128842K, capacity 132427K, committed 132596K, reserved 1165312K
  class space    used 15498K, capacity 16683K, committed 16768K, reserved 1048576K
}

